2024-11-06 13:40:47,574 - root - INFO - Logging erfolgreich konfiguriert
2024-11-06 13:40:47,574 - root - INFO - Anwendung gestartet
2024-11-06 13:40:53,808 - root - INFO - Datenbankverbindung erfolgreich hergestellt
2024-11-06 13:40:53,823 - root - INFO - Datenbank erfolgreich initialisiert
2024-11-06 13:40:53,825 - root - INFO - Datenbankverbindung geschlossen
2024-11-06 13:40:53,826 - root - INFO - Datenbankverbindung erfolgreich hergestellt
2024-11-06 13:40:53,826 - root - INFO - Datenbankverbindung geschlossen
2024-11-06 13:40:53,827 - root - INFO - Datenbankverbindung erfolgreich hergestellt
2024-11-06 13:40:53,834 - root - INFO - Datenbankverbindung geschlossen
2024-11-06 13:40:53,834 - root - INFO - Passwort-Manager erfolgreich initialisiert
2024-11-06 13:40:56,154 - root - INFO - Datenbankverbindung erfolgreich hergestellt
2024-11-06 13:40:56,155 - root - INFO - Datenbankverbindung geschlossen
2024-11-06 13:40:56,473 - root - INFO - Passwort-Manager erfolgreich entsperrt
2024-11-06 13:41:00,610 - root - INFO - Datenbankverbindung erfolgreich hergestellt
2024-11-06 13:41:00,611 - root - INFO - Datenbankverbindung geschlossen
2024-11-06 13:41:00,612 - root - INFO - Keine Passwörter in der Datenbank vorhanden.
2024-11-06 13:41:06,469 - root - INFO - Datenbankverbindung erfolgreich hergestellt
2024-11-06 13:41:06,475 - root - INFO - Datenbankverbindung geschlossen
2024-11-06 13:41:06,476 - root - INFO - Passwort für kqjkqwe gespeichert
2024-11-06 13:41:09,185 - root - INFO - Datenbankverbindung erfolgreich hergestellt
2024-11-06 13:41:09,186 - root - INFO - Datenbankverbindung geschlossen
2024-11-06 13:41:09,187 - root - ERROR - Fehler bei der Entschlüsselung: Invalid padding bytes.
2024-11-06 13:41:09,187 - root - WARNING - Die Passwörter in der Datenbank sind NICHT verschlüsselt oder das Master-Passwort ist falsch.
2024-11-06 13:41:15,155 - root - INFO - Datenbankverbindung erfolgreich hergestellt
2024-11-06 13:41:15,156 - root - INFO - Datenbankverbindung geschlossen
2024-11-06 13:41:15,158 - root - ERROR - Fehler bei der Entschlüsselung: Invalid padding bytes.
2024-11-06 13:41:15,160 - root - ERROR - Fehler beim Abrufen der Passwörter: Invalid padding bytes.
2024-11-06 13:41:18,681 - root - INFO - Datenbankverbindung erfolgreich hergestellt
2024-11-06 13:41:18,681 - root - INFO - Datenbankverbindung geschlossen
2024-11-06 13:41:18,683 - root - ERROR - Fehler bei der Entschlüsselung: Invalid padding bytes.
2024-11-06 13:41:18,683 - root - WARNING - Die Passwörter in der Datenbank sind NICHT verschlüsselt oder das Master-Passwort ist falsch.
2024-11-06 13:41:21,571 - root - INFO - Passwort-Manager geschlossen
2024-11-06 13:41:28,390 - root - INFO - Logging erfolgreich konfiguriert
2024-11-06 13:41:28,391 - root - INFO - Anwendung gestartet
2024-11-06 13:41:33,430 - root - INFO - Datenbankverbindung erfolgreich hergestellt
2024-11-06 13:41:33,431 - root - INFO - Datenbankverbindung geschlossen
2024-11-06 13:41:33,751 - root - INFO - Passwort-Manager erfolgreich entsperrt
2024-11-06 13:41:37,005 - root - INFO - Datenbankverbindung erfolgreich hergestellt
2024-11-06 13:41:37,006 - root - INFO - Datenbankverbindung geschlossen
2024-11-06 13:41:37,007 - root - ERROR - Fehler bei der Entschlüsselung: Invalid padding bytes.
2024-11-06 13:41:37,009 - root - WARNING - Die Passwörter in der Datenbank sind NICHT verschlüsselt oder das Master-Passwort ist falsch.
2024-11-06 13:41:40,143 - root - INFO - Datenbankverbindung erfolgreich hergestellt
2024-11-06 13:41:40,145 - root - INFO - Datenbankverbindung geschlossen
2024-11-06 13:41:40,146 - root - ERROR - Fehler bei der Entschlüsselung: Invalid padding bytes.
2024-11-06 13:41:40,147 - root - ERROR - Fehler beim Abrufen der Passwörter: Invalid padding bytes.
2024-11-06 13:41:43,438 - root - INFO - Passwort-Manager geschlossen
2024-11-06 13:44:55,517 - root - INFO - Logging erfolgreich konfiguriert
2024-11-06 13:44:55,517 - root - INFO - Anwendung gestartet
2024-11-06 13:45:00,289 - root - INFO - Datenbankverbindung erfolgreich hergestellt
2024-11-06 13:45:00,304 - root - INFO - Datenbank erfolgreich initialisiert
2024-11-06 13:45:00,307 - root - INFO - Datenbankverbindung geschlossen
2024-11-06 13:45:00,312 - root - INFO - Datenbankverbindung erfolgreich hergestellt
2024-11-06 13:45:00,313 - root - INFO - Datenbankverbindung geschlossen
2024-11-06 13:45:00,315 - root - INFO - Datenbankverbindung erfolgreich hergestellt
2024-11-06 13:45:00,322 - root - INFO - Datenbankverbindung geschlossen
2024-11-06 13:45:00,323 - root - INFO - Passwort-Manager erfolgreich initialisiert
2024-11-06 13:45:02,058 - root - INFO - Datenbankverbindung erfolgreich hergestellt
2024-11-06 13:45:02,058 - root - INFO - Datenbankverbindung geschlossen
2024-11-06 13:45:02,380 - root - INFO - Passwort-Manager erfolgreich entsperrt
2024-11-06 13:45:05,151 - root - INFO - Datenbankverbindung erfolgreich hergestellt
2024-11-06 13:45:05,152 - root - INFO - Datenbankverbindung geschlossen
2024-11-06 13:45:05,154 - root - INFO - Keine Passwörter in der Datenbank vorhanden.
2024-11-06 13:45:11,405 - root - ERROR - Fehler bei der Verschlüsselung: name 'Cipher' is not defined
2024-11-06 13:45:11,406 - root - ERROR - Fehler beim Speichern des Passworts: name 'Cipher' is not defined
2024-11-06 13:45:36,131 - root - INFO - Passwort-Manager geschlossen
2024-11-06 13:45:47,578 - root - INFO - Logging erfolgreich konfiguriert
2024-11-06 13:45:47,579 - root - INFO - Anwendung gestartet
2024-11-06 13:45:53,073 - root - INFO - Datenbankverbindung erfolgreich hergestellt
2024-11-06 13:45:53,089 - root - INFO - Datenbank erfolgreich initialisiert
2024-11-06 13:45:53,089 - root - INFO - Datenbankverbindung geschlossen
2024-11-06 13:45:53,092 - root - INFO - Datenbankverbindung erfolgreich hergestellt
2024-11-06 13:45:53,093 - root - INFO - Datenbankverbindung geschlossen
2024-11-06 13:45:53,094 - root - INFO - Datenbankverbindung erfolgreich hergestellt
2024-11-06 13:45:53,100 - root - INFO - Datenbankverbindung geschlossen
2024-11-06 13:45:53,101 - root - INFO - Passwort-Manager erfolgreich initialisiert
2024-11-06 13:45:54,626 - root - INFO - Datenbankverbindung erfolgreich hergestellt
2024-11-06 13:45:54,627 - root - INFO - Datenbankverbindung geschlossen
2024-11-06 13:45:54,940 - root - INFO - Passwort-Manager erfolgreich entsperrt
2024-11-06 13:45:59,672 - root - INFO - Datenbankverbindung erfolgreich hergestellt
2024-11-06 13:45:59,680 - root - INFO - Datenbankverbindung geschlossen
2024-11-06 13:45:59,681 - root - INFO - Passwort für qwekqwejk gespeichert
2024-11-06 13:46:01,167 - root - INFO - Datenbankverbindung erfolgreich hergestellt
2024-11-06 13:46:01,168 - root - INFO - Datenbankverbindung geschlossen
2024-11-06 13:46:03,302 - root - INFO - Passwort für Zeile 0 kopiert.
2024-11-06 13:46:05,622 - root - INFO - Datenbankverbindung erfolgreich hergestellt
2024-11-06 13:46:05,624 - root - INFO - Datenbankverbindung geschlossen
2024-11-06 13:46:05,625 - root - INFO - Die Passwörter in der Datenbank sind verschlüsselt.
2024-11-06 13:46:07,733 - root - INFO - Passwort-Manager geschlossen
